<?xml version="1.0" encoding="UTF-8"?>
<testsuite name="test.pivotal.pal.tracker.EnvControllerTest" tests="1" skipped="0" failures="0" errors="0" timestamp="2020-05-23T17:32:09" hostname="DESKTOP-BV2RNQA" time="0.036">
  <properties/>
  <testcase name="getEnv()" classname="test.pivotal.pal.tracker.EnvControllerTest" time="0.036"/>
  <system-out><![CDATA[]]></system-out>
  <system-err><![CDATA[]]></system-err>
</testsuite>
